c:\users\marcandrefl\documents\intro-bd-tp1\intro-bd-tp1\intro-bd-tp1\debug\vc120.pdb
c:\users\marcandrefl\documents\intro-bd-tp1\intro-bd-tp1\intro-bd-tp1\debug\vc120.idb
c:\users\marcandrefl\documents\intro-bd-tp1\intro-bd-tp1\intro-bd-tp1\debug\main.obj
c:\users\marcandrefl\documents\intro-bd-tp1\intro-bd-tp1\intro-bd-tp1\debug\parsing.obj
c:\users\utilisateur\documents\intro-bd-tp1\intro-bd-tp1\intro-bd-tp1\debug\vc120.pdb
c:\users\utilisateur\documents\intro-bd-tp1\intro-bd-tp1\intro-bd-tp1\debug\vc120.idb
c:\users\utilisateur\documents\intro-bd-tp1\intro-bd-tp1\intro-bd-tp1\debug\main.obj
c:\users\utilisateur\documents\intro-bd-tp1\intro-bd-tp1\intro-bd-tp1\debug\parsing.obj
c:\users\marcandrefl\documents\intro-bd-tp1\intro-bd-tp1\debug\intro-bd-tp1.ilk
c:\users\marcandrefl\documents\intro-bd-tp1\intro-bd-tp1\debug\intro-bd-tp1.exe
c:\users\marcandrefl\documents\intro-bd-tp1\intro-bd-tp1\debug\intro-bd-tp1.pdb
c:\users\utilisateur\documents\intro-bd-tp1\intro-bd-tp1\debug\intro-bd-tp1.pdb
c:\users\utilisateur\documents\intro-bd-tp1\intro-bd-tp1\intro-bd-tp1\debug\intro-bd-tp1.tlog\cl.command.1.tlog
c:\users\utilisateur\documents\intro-bd-tp1\intro-bd-tp1\intro-bd-tp1\debug\intro-bd-tp1.tlog\cl.read.1.tlog
c:\users\utilisateur\documents\intro-bd-tp1\intro-bd-tp1\intro-bd-tp1\debug\intro-bd-tp1.tlog\cl.write.1.tlog
c:\users\utilisateur\documents\intro-bd-tp1\intro-bd-tp1\intro-bd-tp1\debug\intro-bd-tp1.tlog\link-cvtres.read.1.tlog
c:\users\utilisateur\documents\intro-bd-tp1\intro-bd-tp1\intro-bd-tp1\debug\intro-bd-tp1.tlog\link-cvtres.write.1.tlog
c:\users\utilisateur\documents\intro-bd-tp1\intro-bd-tp1\intro-bd-tp1\debug\intro-bd-tp1.tlog\link-rc.read.1.tlog
c:\users\utilisateur\documents\intro-bd-tp1\intro-bd-tp1\intro-bd-tp1\debug\intro-bd-tp1.tlog\link-rc.write.1.tlog
c:\users\utilisateur\documents\intro-bd-tp1\intro-bd-tp1\intro-bd-tp1\debug\intro-bd-tp1.tlog\link.command.1.tlog
c:\users\utilisateur\documents\intro-bd-tp1\intro-bd-tp1\intro-bd-tp1\debug\intro-bd-tp1.tlog\link.read.1.tlog
c:\users\utilisateur\documents\intro-bd-tp1\intro-bd-tp1\intro-bd-tp1\debug\intro-bd-tp1.tlog\link.write.1.tlog
